1649857950259	geckodriver	INFO	Listening on 127.0.0.1:56039
1649857953279	mozrunner::runner	INFO	Running command: "C:\\Program Files\\Mozilla Firefox\\firefox.exe" "--marionette" "--remote-debugging-port" "56040" "--remote-allow-hosts" "localhost" "-no-remote" "-profile" "C:\\Users\\alima\\AppData\\Local\\Temp\\rust_mozprofileH7ts6O"
1649857953800	Marionette	INFO	Marionette enabled
console.warn: SearchSettings: "get: No settings file exists, new profile?" (new NotFoundError("Could not open the file at C:\\Users\\alima\\AppData\\Local\\Temp\\rust_mozprofileH7ts6O\\search.json.mozlz4", (void 0)))
DevTools listening on ws://localhost:56040/devtools/browser/fb83a84a-ba14-4f1f-b3af-509eaf53e9c9
1649857956455	Marionette	INFO	Listening on port 56061
Read port: 56061
1649857956492	RemoteAgent	WARN	TLS certificate errors will be ignored for this session
1649858201948	Marionette	INFO	Stopped listening on port 56061
console.warn: TopSitesFeed: Failed to fetch data from Contile server: NetworkError when attempting to fetch resource.
JavaScript error: chrome://remote/content/marionette/cert.js, line 55: NS_ERROR_NOT_AVAILABLE: Component returned failure code: 0x80040111 (NS_ERROR_NOT_AVAILABLE) [nsICertOverrideService.setDisableAllSecurityChecksAndLetAttackersInterceptMyData]

###!!! [Parent][PGPUParent] Error: RunMessage(msgname=PGPU::Msg_ShutdownVR) Channel closing: too late to send/recv, messages will be lost

arch.json.mozlz4", (void 0)))
DevTools listening on ws://localhost:56089/devtools/browser/0e56317a-6924-47ab-9174-358126b99ba3
1649857983362	Marionette	INFO	Listening on port 56110
Read port: 56110
1649857983447	RemoteAgent	WARN	TLS certificate errors will be ignored for this session
1649858204819	Marionette	INFO	Stopped listening on port 56110
console.warn: TopSitesFeed: Failed to fetch data from Contile server: NetworkError when attempting to fetch resource.

###!!! [Parent][PGPUParent] Error: RunMessage(msgname=PGPU::Msg_ShutdownVR) Channel closing: too late to send/recv, messages will be lost

ileRjexfy"
1649858076604	Marionette	INFO	Marionette enabled
console.warn: SearchSettings: "get: No settings file exists, new profile?" (new NotFoundError("Could not open the file at C:\\Users\\alima\\AppData\\Local\\Temp\\rust_mozprofileRjexfy\\search.json.mozlz4", (void 0)))
DevTools listening on ws://localhost:56154/devtools/browser/215330cc-c7c4-4d07-837b-6f1fc446d26a
1649858078958	Marionette	INFO	Listening on port 56176
Read port: 56176
1649858079067	RemoteAgent	WARN	TLS certificate errors will be ignored for this session
1649858208419	Marionette	INFO	Stopped listening on port 56176
console.warn: TopSitesFeed: Failed to fetch data from Contile server: NetworkError when attempting to fetch resource.
remote-debugging-port" "56200" "--remote-allow-hosts" "localhost" "-no-remote" "-profile" "C:\\Users\\alima\\AppData\\Local\\Temp\\rust_mozprofileqo9WfM"
1649858088135	Marionette	INFO	Marionette enabled
console.warn: SearchSettings: "get: No settings file exists, new profile?" (new NotFoundError("Could not open the file at C:\\Users\\alima\\AppData\\Local\\Temp\\rust_mozprofileqo9WfM\\search.json.mozlz4", (void 0)))
DevTools listening on ws://localhost:56200/devtools/browser/8efac189-9294-460b-a4f2-7a1176595690
1649858090590	Marionette	INFO	Listening on port 56222
Read port: 56222
1649858090670	RemoteAgent	WARN	TLS certificate errors will be ignored for this session
1649858388442	Marionette	INFO	Stopped listening on port 56222
console.warn: TopSitesFeed: Failed to fetch data from Contile server: NetworkError when attempting to fetch resource.
JavaScript error: chrome://remote/content/marionette/cert.js, line 55: NS_ERROR_NOT_AVAILABLE: Component returned failure code: 0x80040111 (NS_ERROR_NOT_AVAILABLE) [nsICertOverrideService.setDisableAllSecurityChecksAndLetAttackersInterceptMyData]
ngs file exists, new profile?" (new NotFoundError("Could not open the file at C:\\Users\\alima\\AppData\\Local\\Temp\\rust_mozprofile06rl9x\\search.json.mozlz4", (void 0)))
DevTools listening on ws://localhost:56398/devtools/browser/fd358bc3-b80d-4b87-9645-fa074397357b
1649858283112	Marionette	INFO	Listening on port 56422
Read port: 56422
1649858283194	RemoteAgent	WARN	TLS certificate errors will be ignored for this session
1649858389852	Marionette	INFO	Stopped listening on port 56422
console.warn: TopSitesFeed: Failed to fetch data from Contile server: NetworkError when attempting to fetch resource.
JavaScript error: chrome://remote/content/marionette/cert.js, line 55: NS_ERROR_NOT_AVAILABLE: Component returned failure code: 0x80040111 (NS_ERROR_NOT_AVAILABLE) [nsICertOverrideService.setDisableAllSecurityChecksAndLetAttackersInterceptMyData]
ngs file exists, new profile?" (new NotFoundError("Could not open the file at C:\\Users\\alima\\AppData\\Local\\Temp\\rust_mozprofileRLZGlC\\search.json.mozlz4", (void 0)))
DevTools listening on ws://localhost:56452/devtools/browser/37e0ce66-2ffb-4951-a5a4-2cf8b059b782
1649858359631	Marionette	INFO	Listening on port 56476
Read port: 56476
1649858359713	RemoteAgent	WARN	TLS certificate errors will be ignored for this session
1649858390733	Marionette	INFO	Stopped listening on port 56476
console.warn: TopSitesFeed: Failed to fetch data from Contile server: NetworkError when attempting to fetch resource.
JavaScript error: chrome://remote/content/marionette/cert.js, line 55: NS_ERROR_NOT_AVAILABLE: Component returned failure code: 0x80040111 (NS_ERROR_NOT_AVAILABLE) [nsICertOverrideService.setDisableAllSecurityChecksAndLetAttackersInterceptMyData]

###!!! [Parent][PGPUParent] Error: RunMessage(msgname=PGPU::Msg_ShutdownVR) Channel closing: too late to send/recv, messages will be lost

arch.json.mozlz4", (void 0)))
DevTools listening on ws://localhost:56500/devtools/browser/771f9a10-d3fa-4d7a-ab5c-55c639aba97c
1649858380062	Marionette	INFO	Listening on port 56524
Read port: 56524
1649858380112	RemoteAgent	WARN	TLS certificate errors will be ignored for this session
JavaScript error: , line 0: NS_ERROR_NOT_AVAILABLE
1649859160552	Marionette	INFO	Stopped listening on port 56524
console.warn: TopSitesFeed: Failed to fetch data from Contile server: NetworkError when attempting to fetch resource.
JavaScript error: chrome://remote/content/marionette/cert.js, line 55: NS_ERROR_NOT_AVAILABLE: Component returned failure code: 0x80040111 (NS_ERROR_NOT_AVAILABLE) [nsICertOverrideService.setDisableAllSecurityChecksAndLetAttackersInterceptMyData]
Invalid port. Exiting...
1649861806767	geckodriver	INFO	Listening on 127.0.0.1:53947
1649861809881	mozrunner::runner	INFO	Running command: "C:\\Program Files\\Mozilla Firefox\\firefox.exe" "--marionette" "--remote-debugging-port" "53948" "--remote-allow-hosts" "localhost" "-no-remote" "-profile" "C:\\Users\\alima\\AppData\\Local\\Temp\\rust_mozprofileqHGdeM"
1649861810362	Marionette	INFO	Marionette enabled
console.warn: SearchSettings: "get: No settings file exists, new profile?" (new NotFoundError("Could not open the file at C:\\Users\\alima\\AppData\\Local\\Temp\\rust_mozprofileqHGdeM\\search.json.mozlz4", (void 0)))
DevTools listening on ws://localhost:53948/devtools/browser/37f7fcd5-a5bb-49fe-b33e-1ee2265bb71e
1649861812799	Marionette	INFO	Listening on port 53971
Read port: 53971
1649861812884	RemoteAgent	WARN	TLS certificate errors will be ignored for this session
1649862503578	Marionette	INFO	Stopped listening on port 53971
console.warn: TopSitesFeed: Failed to fetch data from Contile server: NetworkError when attempting to fetch resource.
remote-debugging-port" "54068" "--remote-allow-hosts" "localhost" "-no-remote" "-profile" "C:\\Users\\alima\\AppData\\Local\\Temp\\rust_mozprofile1Nxdb6"
1649862093604	Marionette	INFO	Marionette enabled
console.warn: SearchSettings: "get: No settings file exists, new profile?" (new NotFoundError("Could not open the file at C:\\Users\\alima\\AppData\\Local\\Temp\\rust_mozprofile1Nxdb6\\search.json.mozlz4", (void 0)))
DevTools listening on ws://localhost:54068/devtools/browser/5cb30857-d2e6-403f-97a5-6536541f8715
1649862096028	Marionette	INFO	Listening on port 54088
Read port: 54088
1649862096095	RemoteAgent	WARN	TLS certificate errors will be ignored for this session
1649862504780	Marionette	INFO	Stopped listening on port 54088
console.warn: TopSitesFeed: Failed to fetch data from Contile server: NetworkError when attempting to fetch resource.
!!! error running onStopped callback: TypeError: callback is not a function

###!!! [Parent][PContentParent] Error: Send(msgname=PContent::Msg_DestroyBrowsingContextGroup) Closed channel: cannot send/recv


###!!! [Parent][PContentParent] Error: Send(msgname=PContent::Msg_DestroyBrowsingContextGroup) Closed channel: cannot send/recv


###!!! [Parent][PContentParent] Error: Send(msgname=PContent::Msg_DestroyBrowsingContextGroup) Closed channel: cannot send/recv


###!!! [Parent][PContentParent] Error: Send(msgname=PContent::Msg_DestroyBrowsingContextGroup) Closed channel: cannot send/recv


###!!! [Parent][PContentParent] Error: Send(msgname=PContent::Msg_DestroyBrowsingContextGroup) Closed channel: cannot send/recv


###!!! [Parent][PGPUParent] Error: RunMessage(msgname=PGPU::Msg_ShutdownVR) Channel closing: too late to send/recv, messages will be lost

